<?xml version="1.0" encoding="UTF-8"?>
<coverage generated="1614255565778" clover="3.2.0">
  <project timestamp="1614255565778" name="All files">
    <metrics statements="25" coveredstatements="21" conditionals="26" coveredconditionals="21" methods="6" coveredmethods="6" elements="57" coveredelements="48" complexity="0" loc="25" ncloc="25" packages="2" files="2" classes="2"/>
    <package name="src">
      <metrics statements="16" coveredstatements="14" conditionals="16" coveredconditionals="14" methods="2" coveredmethods="2"/>
      <file name="buildAst.js" path="C:\dev\frontend-project-lvl2\src\buildAst.js">
        <metrics statements="16" coveredstatements="14" conditionals="16" coveredconditionals="14" methods="2" coveredmethods="2"/>
        <line num="3" count="1" type="stmt"/>
        <line num="4" count="4" type="stmt"/>
        <line num="5" count="4" type="stmt"/>
        <line num="6" count="4" type="stmt"/>
        <line num="7" count="11" type="cond" truecount="1" falsecount="1"/>
        <line num="8" count="0" type="stmt"/>
        <line num="9" count="11" type="cond" truecount="2" falsecount="0"/>
        <line num="10" count="2" type="stmt"/>
        <line num="13" count="9" type="cond" truecount="4" falsecount="0"/>
        <line num="14" count="2" type="stmt"/>
        <line num="17" count="7" type="cond" truecount="3" falsecount="1"/>
        <line num="18" count="0" type="stmt"/>
        <line num="21" count="7" type="cond" truecount="4" falsecount="0"/>
        <line num="22" count="3" type="stmt"/>
        <line num="26" count="4" type="stmt"/>
        <line num="31" count="4" type="stmt"/>
      </file>
    </package>
    <package name="src.formatters">
      <metrics statements="9" coveredstatements="7" conditionals="10" coveredconditionals="7" methods="4" coveredmethods="4"/>
      <file name="plain.js" path="C:\dev\frontend-project-lvl2\src\formatters\plain.js">
        <metrics statements="9" coveredstatements="7" conditionals="10" coveredconditionals="7" methods="4" coveredmethods="4"/>
        <line num="3" count="4" type="cond" truecount="1" falsecount="1"/>
        <line num="5" count="11" type="cond" truecount="1" falsecount="0"/>
        <line num="9" count="7" type="cond" truecount="2" falsecount="0"/>
        <line num="10" count="7" type="cond" truecount="3" falsecount="2"/>
        <line num="12" count="3" type="stmt"/>
        <line num="15" count="0" type="stmt"/>
        <line num="18" count="2" type="stmt"/>
        <line num="21" count="2" type="stmt"/>
        <line num="24" count="0" type="stmt"/>
      </file>
    </package>
  </project>
</coverage>
