{"C:\\dev\\frontend-project-lvl2\\src\\buildAst.js": {"path":"C:\\dev\\frontend-project-lvl2\\src\\buildAst.js","statementMap":{"0":{"start":{"line":3,"column":17},"end":{"line":32,"column":1}},"1":{"start":{"line":4,"column":24},"end":{"line":4,"column":83}},"2":{"start":{"line":5,"column":23},"end":{"line":5,"column":25}},"3":{"start":{"line":6,"column":2},"end":{"line":30,"column":5}},"4":{"start":{"line":7,"column":4},"end":{"line":29,"column":5}},"5":{"start":{"line":8,"column":6},"end":{"line":8,"column":74}},"6":{"start":{"line":9,"column":11},"end":{"line":29,"column":5}},"7":{"start":{"line":10,"column":6},"end":{"line":12,"column":9}},"8":{"start":{"line":13,"column":11},"end":{"line":29,"column":5}},"9":{"start":{"line":14,"column":6},"end":{"line":16,"column":9}},"10":{"start":{"line":17,"column":11},"end":{"line":29,"column":5}},"11":{"start":{"line":18,"column":6},"end":{"line":20,"column":9}},"12":{"start":{"line":21,"column":11},"end":{"line":29,"column":5}},"13":{"start":{"line":22,"column":6},"end":{"line":24,"column":9}},"14":{"start":{"line":26,"column":6},"end":{"line":28,"column":9}},"15":{"start":{"line":31,"column":2},"end":{"line":31,"column":22}}},"fnMap":{"0":{"name":"(anonymous_0)","decl":{"start":{"line":3,"column":17},"end":{"line":3,"column":18}},"loc":{"start":{"line":3,"column":50},"end":{"line":32,"column":1}},"line":3},"1":{"name":"(anonymous_1)","decl":{"start":{"line":6,"column":24},"end":{"line":6,"column":25}},"loc":{"start":{"line":6,"column":33},"end":{"line":30,"column":3}},"line":6}},"branchMap":{"0":{"loc":{"start":{"line":7,"column":4},"end":{"line":29,"column":5}},"type":"if","locations":[{"start":{"line":7,"column":4},"end":{"line":29,"column":5}},{"start":{"line":7,"column":4},"end":{"line":29,"column":5}}],"line":7},"1":{"loc":{"start":{"line":9,"column":11},"end":{"line":29,"column":5}},"type":"if","locations":[{"start":{"line":9,"column":11},"end":{"line":29,"column":5}},{"start":{"line":9,"column":11},"end":{"line":29,"column":5}}],"line":9},"2":{"loc":{"start":{"line":13,"column":11},"end":{"line":29,"column":5}},"type":"if","locations":[{"start":{"line":13,"column":11},"end":{"line":29,"column":5}},{"start":{"line":13,"column":11},"end":{"line":29,"column":5}}],"line":13},"3":{"loc":{"start":{"line":13,"column":15},"end":{"line":13,"column":94}},"type":"binary-expr","locations":[{"start":{"line":13,"column":15},"end":{"line":13,"column":55}},{"start":{"line":13,"column":59},"end":{"line":13,"column":94}}],"line":13},"4":{"loc":{"start":{"line":17,"column":11},"end":{"line":29,"column":5}},"type":"if","locations":[{"start":{"line":17,"column":11},"end":{"line":29,"column":5}},{"start":{"line":17,"column":11},"end":{"line":29,"column":5}}],"line":17},"5":{"loc":{"start":{"line":17,"column":15},"end":{"line":17,"column":93}},"type":"binary-expr","locations":[{"start":{"line":17,"column":15},"end":{"line":17,"column":55}},{"start":{"line":17,"column":59},"end":{"line":17,"column":93}}],"line":17},"6":{"loc":{"start":{"line":21,"column":11},"end":{"line":29,"column":5}},"type":"if","locations":[{"start":{"line":21,"column":11},"end":{"line":29,"column":5}},{"start":{"line":21,"column":11},"end":{"line":29,"column":5}}],"line":21},"7":{"loc":{"start":{"line":21,"column":15},"end":{"line":21,"column":86}},"type":"binary-expr","locations":[{"start":{"line":21,"column":15},"end":{"line":21,"column":49}},{"start":{"line":21,"column":53},"end":{"line":21,"column":86}}],"line":21}},"s":{"0":1,"1":4,"2":4,"3":4,"4":11,"5":0,"6":11,"7":2,"8":9,"9":2,"10":7,"11":0,"12":7,"13":3,"14":4,"15":4},"f":{"0":4,"1":11},"b":{"0":[0,11],"1":[2,9],"2":[2,7],"3":[9,5],"4":[0,7],"5":[7,3],"6":[3,4],"7":[7,3]},"inputSourceMap":null,"_coverageSchema":"1a1c01bbd47fc00a2c39e90264f33305004495a9","hash":"462543b261c64460e11db7f5d55cf208c5c9a58b"}
,"C:\\dev\\frontend-project-lvl2\\src\\formatters\\plain.js": {"path":"C:\\dev\\frontend-project-lvl2\\src\\formatters\\plain.js","statementMap":{"0":{"start":{"line":3,"column":17},"end":{"line":3,"column":79}},"1":{"start":{"line":3,"column":29},"end":{"line":3,"column":78}},"2":{"start":{"line":5,"column":20},"end":{"line":26,"column":8}},"3":{"start":{"line":5,"column":42},"end":{"line":26,"column":8}},"4":{"start":{"line":5,"column":67},"end":{"line":5,"column":87}},"5":{"start":{"line":9,"column":19},"end":{"line":9,"column":58}},"6":{"start":{"line":10,"column":4},"end":{"line":25,"column":5}},"7":{"start":{"line":12,"column":8},"end":{"line":12,"column":53}},"8":{"start":{"line":15,"column":8},"end":{"line":15,"column":88}},"9":{"start":{"line":18,"column":8},"end":{"line":18,"column":59}},"10":{"start":{"line":21,"column":8},"end":{"line":21,"column":117}},"11":{"start":{"line":24,"column":8},"end":{"line":24,"column":51}}},"fnMap":{"0":{"name":"(anonymous_0)","decl":{"start":{"line":3,"column":17},"end":{"line":3,"column":18}},"loc":{"start":{"line":3,"column":29},"end":{"line":3,"column":78}},"line":3},"1":{"name":"(anonymous_1)","decl":{"start":{"line":5,"column":20},"end":{"line":5,"column":21}},"loc":{"start":{"line":5,"column":42},"end":{"line":26,"column":8}},"line":5},"2":{"name":"(anonymous_2)","decl":{"start":{"line":5,"column":53},"end":{"line":5,"column":54}},"loc":{"start":{"line":5,"column":67},"end":{"line":5,"column":87}},"line":5},"3":{"name":"(anonymous_3)","decl":{"start":{"line":6,"column":10},"end":{"line":6,"column":11}},"loc":{"start":{"line":8,"column":8},"end":{"line":26,"column":3}},"line":8}},"branchMap":{"0":{"loc":{"start":{"line":3,"column":29},"end":{"line":3,"column":78}},"type":"cond-expr","locations":[{"start":{"line":3,"column":53},"end":{"line":3,"column":70}},{"start":{"line":3,"column":73},"end":{"line":3,"column":78}}],"line":3},"1":{"loc":{"start":{"line":5,"column":26},"end":{"line":5,"column":37}},"type":"default-arg","locations":[{"start":{"line":5,"column":35},"end":{"line":5,"column":37}}],"line":5},"2":{"loc":{"start":{"line":9,"column":19},"end":{"line":9,"column":58}},"type":"cond-expr","locations":[{"start":{"line":9,"column":29},"end":{"line":9,"column":37}},{"start":{"line":9,"column":40},"end":{"line":9,"column":58}}],"line":9},"3":{"loc":{"start":{"line":10,"column":4},"end":{"line":25,"column":5}},"type":"switch","locations":[{"start":{"line":11,"column":6},"end":{"line":13,"column":7}},{"start":{"line":14,"column":6},"end":{"line":16,"column":7}},{"start":{"line":17,"column":6},"end":{"line":19,"column":7}},{"start":{"line":20,"column":6},"end":{"line":22,"column":7}},{"start":{"line":23,"column":6},"end":{"line":24,"column":51}}],"line":10}},"s":{"0":1,"1":4,"2":1,"3":4,"4":11,"5":7,"6":7,"7":3,"8":0,"9":2,"10":2,"11":0},"f":{"0":4,"1":4,"2":11,"3":7},"b":{"0":[0,4],"1":[1],"2":[4,3],"3":[3,0,2,2,0]},"inputSourceMap":null,"_coverageSchema":"1a1c01bbd47fc00a2c39e90264f33305004495a9","hash":"e006c44e8995462a316f18bdf7595e3ae5dca468"}
}
