TN:
SF:src\buildAst.js
FN:3,(anonymous_0)
FN:6,(anonymous_1)
FNF:2
FNH:2
FNDA:4,(anonymous_0)
FNDA:11,(anonymous_1)
DA:3,1
DA:4,4
DA:5,4
DA:6,4
DA:7,11
DA:8,0
DA:9,11
DA:10,2
DA:13,9
DA:14,2
DA:17,7
DA:18,0
DA:21,7
DA:22,3
DA:26,4
DA:31,4
LF:16
LH:14
BRDA:7,0,0,0
BRDA:7,0,1,11
BRDA:9,1,0,2
BRDA:9,1,1,9
BRDA:13,2,0,2
BRDA:13,2,1,7
BRDA:13,3,0,9
BRDA:13,3,1,5
BRDA:17,4,0,0
BRDA:17,4,1,7
BRDA:17,5,0,7
BRDA:17,5,1,3
BRDA:21,6,0,3
BRDA:21,6,1,4
BRDA:21,7,0,7
BRDA:21,7,1,3
BRF:16
BRH:14
end_of_record
TN:
SF:src\formatters\plain.js
FN:3,(anonymous_0)
FN:5,(anonymous_1)
FN:5,(anonymous_2)
FN:6,(anonymous_3)
FNF:4
FNH:4
FNDA:4,(anonymous_0)
FNDA:4,(anonymous_1)
FNDA:11,(anonymous_2)
FNDA:7,(anonymous_3)
DA:3,4
DA:5,11
DA:9,7
DA:10,7
DA:12,3
DA:15,0
DA:18,2
DA:21,2
DA:24,0
LF:9
LH:7
BRDA:3,0,0,0
BRDA:3,0,1,4
BRDA:5,1,0,1
BRDA:9,2,0,4
BRDA:9,2,1,3
BRDA:10,3,0,3
BRDA:10,3,1,0
BRDA:10,3,2,2
BRDA:10,3,3,2
BRDA:10,3,4,0
BRF:10
BRH:7
end_of_record
